c:\game\ro\server\athena_base\hercules_base\asb\vcproj\zoneserver\debug\base62.obj
c:\game\ro\server\athena_base\hercules_base\asb\vcproj\zoneserver\debug\extraconf.obj
c:\game\ro\server\athena_base\hercules_base\asb\vcproj\zoneserver\debug\mutex.obj
c:\game\ro\server\athena_base\hercules_base\asb\vcproj\zoneserver\debug\timer.obj
c:\game\ro\server\athena_base\hercules_base\asb\vcproj\zoneserver\debug\chrif.obj
c:\game\ro\server\athena_base\hercules_base\asb\vcproj\zoneserver\debug\grader.obj
c:\game\ro\server\athena_base\hercules_base\asb\vcproj\zoneserver\debug\intif.obj
c:\game\ro\server\athena_base\hercules_base\asb\vcproj\zoneserver\debug\pc.obj
c:\game\ro\server\athena_base\hercules_base\asb\vcproj\zoneserver\debug\vending.obj
c:\game\ro\server\athena_base\hercules_base\asb\vcproj\zoneserver\debug\scanctx.obj
c:\game\ro\server\athena_base\hercules_base\asb\vcproj\zoneserver\debug\hpm.obj
c:\game\ro\server\athena_base\hercules_base\asb\vcproj\zoneserver\debug\utils.obj
c:\game\ro\server\athena_base\hercules_base\asb\vcproj\zoneserver\debug\clan.obj
c:\game\ro\server\athena_base\hercules_base\asb\vcproj\zoneserver\debug\guild.obj
c:\game\ro\server\athena_base\hercules_base\asb\vcproj\zoneserver\debug\log.obj
c:\game\ro\server\athena_base\hercules_base\asb\vcproj\zoneserver\debug\party.obj
c:\game\ro\server\athena_base\hercules_base\asb\vcproj\zoneserver\debug\storage.obj
c:\game\ro\server\athena_base\hercules_base\asb\vcproj\zoneserver\debug\mt19937ar.obj
c:\game\ro\server\athena_base\hercules_base\asb\vcproj\zoneserver\debug\des.obj
c:\game\ro\server\athena_base\hercules_base\asb\vcproj\zoneserver\debug\mapindex.obj
c:\game\ro\server\athena_base\hercules_base\asb\vcproj\zoneserver\debug\packets.obj
c:\game\ro\server\athena_base\hercules_base\asb\vcproj\zoneserver\debug\strlib.obj
c:\game\ro\server\athena_base\hercules_base\asb\vcproj\zoneserver\debug\achievement.obj
c:\game\ro\server\athena_base\hercules_base\asb\vcproj\zoneserver\debug\buyingstore.obj
c:\game\ro\server\athena_base\hercules_base\asb\vcproj\zoneserver\debug\elemental.obj
c:\game\ro\server\athena_base\hercules_base\asb\vcproj\zoneserver\debug\itemdb.obj
c:\game\ro\server\athena_base\hercules_base\asb\vcproj\zoneserver\debug\path.obj
c:\game\ro\server\athena_base\hercules_base\asb\vcproj\zoneserver\debug\refine.obj
c:\game\ro\server\athena_base\hercules_base\asb\vcproj\zoneserver\debug\status.obj
c:\game\ro\server\athena_base\hercules_base\asb\vcproj\zoneserver\debug\libconfig.obj
c:\game\ro\server\athena_base\hercules_base\asb\vcproj\zoneserver\debug\db.obj
c:\game\ro\server\athena_base\hercules_base\asb\vcproj\zoneserver\debug\memmgr.obj
c:\game\ro\server\athena_base\hercules_base\asb\vcproj\zoneserver\debug\showmsg.obj
c:\game\ro\server\athena_base\hercules_base\asb\vcproj\zoneserver\debug\atcommand.obj
c:\game\ro\server\athena_base\hercules_base\asb\vcproj\zoneserver\debug\goldpc.obj
c:\game\ro\server\athena_base\hercules_base\asb\vcproj\zoneserver\debug\instance.obj
c:\game\ro\server\athena_base\hercules_base\asb\vcproj\zoneserver\debug\map.obj
c:\game\ro\server\athena_base\hercules_base\asb\vcproj\zoneserver\debug\pet.obj
c:\game\ro\server\athena_base\hercules_base\asb\vcproj\zoneserver\debug\script.obj
c:\game\ro\server\athena_base\hercules_base\asb\vcproj\zoneserver\debug\conf.obj
c:\game\ro\server\athena_base\hercules_base\asb\vcproj\zoneserver\debug\grfio.obj
c:\game\ro\server\athena_base\hercules_base\asb\vcproj\zoneserver\debug\nullpo.obj
c:\game\ro\server\athena_base\hercules_base\asb\vcproj\zoneserver\debug\socket.obj
c:\game\ro\server\athena_base\hercules_base\asb\vcproj\zoneserver\debug\channel.obj
c:\game\ro\server\athena_base\hercules_base\asb\vcproj\zoneserver\debug\enchantui.obj
c:\game\ro\server\athena_base\hercules_base\asb\vcproj\zoneserver\debug\irc-bot.obj
c:\game\ro\server\athena_base\hercules_base\asb\vcproj\zoneserver\debug\mail.obj
c:\game\ro\server\athena_base\hercules_base\asb\vcproj\zoneserver\debug\mapreg_sql.obj
c:\game\ro\server\athena_base\hercules_base\asb\vcproj\zoneserver\debug\mob.obj
c:\game\ro\server\athena_base\hercules_base\asb\vcproj\zoneserver\debug\searchstore.obj
c:\game\ro\server\athena_base\hercules_base\asb\vcproj\zoneserver\debug\unit.obj
c:\game\ro\server\athena_base\hercules_base\asb\vcproj\zoneserver\debug\scanner.obj
c:\game\ro\server\athena_base\hercules_base\asb\vcproj\zoneserver\debug\core.obj
c:\game\ro\server\athena_base\hercules_base\asb\vcproj\zoneserver\debug\sql.obj
c:\game\ro\server\athena_base\hercules_base\asb\vcproj\zoneserver\debug\battle.obj
c:\game\ro\server\athena_base\hercules_base\asb\vcproj\zoneserver\debug\duel.obj
c:\game\ro\server\athena_base\hercules_base\asb\vcproj\zoneserver\debug\hpmmap.obj
c:\game\ro\server\athena_base\hercules_base\asb\vcproj\zoneserver\debug\npc_chat.obj
c:\game\ro\server\athena_base\hercules_base\asb\vcproj\zoneserver\debug\pc_groups.obj
c:\game\ro\server\athena_base\hercules_base\asb\vcproj\zoneserver\debug\rodex.obj
c:\game\ro\server\athena_base\hercules_base\asb\vcproj\zoneserver\debug\skill.obj
c:\game\ro\server\athena_base\hercules_base\asb\vcproj\zoneserver\debug\grammar.obj
c:\game\ro\server\athena_base\hercules_base\asb\vcproj\zoneserver\debug\ers.obj
c:\game\ro\server\athena_base\hercules_base\asb\vcproj\zoneserver\debug\md5calc.obj
c:\game\ro\server\athena_base\hercules_base\asb\vcproj\zoneserver\debug\random.obj
c:\game\ro\server\athena_base\hercules_base\asb\vcproj\zoneserver\debug\thread.obj
c:\game\ro\server\athena_base\hercules_base\asb\vcproj\zoneserver\debug\chat.obj
c:\game\ro\server\athena_base\hercules_base\asb\vcproj\zoneserver\debug\clif.obj
c:\game\ro\server\athena_base\hercules_base\asb\vcproj\zoneserver\debug\mapiif.obj
c:\game\ro\server\athena_base\hercules_base\asb\vcproj\zoneserver\debug\npc.obj
c:\game\ro\server\athena_base\hercules_base\asb\vcproj\zoneserver\debug\trade.obj
c:\game\ro\server\athena_base\hercules_base\asb\vcproj\zoneserver\debug\strbuf.obj
c:\game\ro\server\athena_base\hercules_base\asb\vcproj\zoneserver\debug\console.obj
c:\game\ro\server\athena_base\hercules_base\asb\vcproj\zoneserver\debug\sysinfo.obj
c:\game\ro\server\athena_base\hercules_base\asb\vcproj\zoneserver\debug\battleground.obj
c:\game\ro\server\athena_base\hercules_base\asb\vcproj\zoneserver\debug\date.obj
c:\game\ro\server\athena_base\hercules_base\asb\vcproj\zoneserver\debug\homunculus.obj
c:\game\ro\server\athena_base\hercules_base\asb\vcproj\zoneserver\debug\macro.obj
c:\game\ro\server\athena_base\hercules_base\asb\vcproj\zoneserver\debug\mercenary.obj
c:\game\ro\server\athena_base\hercules_base\asb\vcproj\zoneserver\debug\quest.obj
c:\game\ro\server\athena_base\hercules_base\asb\vcproj\zoneserver\debug\stylist.obj
c:\game\ro\server\athena_base\hercules_base\asb\vcproj\zoneserver\debug\vc143.pdb
c:\game\ro\server\athena_base\hercules_base\asb\zoneserver.exe
c:\game\ro\server\athena_base\hercules_base\asb\zoneserver.pdb
c:\game\ro\server\athena_base\hercules_base\asb\vcproj\zoneserver\debug\map-server.ilk
c:\game\ro\server\athena_base\hercules_base\asb\vcproj\zoneserver\debug\vc143.idb
c:\game\ro\server\athena_base\hercules_base\asb\vcproj\zoneserver\debug\zoneserver.tlog\cl.10156.write.1.tlog
c:\game\ro\server\athena_base\hercules_base\asb\vcproj\zoneserver\debug\zoneserver.tlog\cl.command.1.tlog
c:\game\ro\server\athena_base\hercules_base\asb\vcproj\zoneserver\debug\zoneserver.tlog\cl.items.tlog
c:\game\ro\server\athena_base\hercules_base\asb\vcproj\zoneserver\debug\zoneserver.tlog\cl.read.1.tlog
c:\game\ro\server\athena_base\hercules_base\asb\vcproj\zoneserver\debug\zoneserver.tlog\link.command.1.tlog
c:\game\ro\server\athena_base\hercules_base\asb\vcproj\zoneserver\debug\zoneserver.tlog\link.read.1.tlog
c:\game\ro\server\athena_base\hercules_base\asb\vcproj\zoneserver\debug\zoneserver.tlog\link.secondary.1.tlog
c:\game\ro\server\athena_base\hercules_base\asb\vcproj\zoneserver\debug\zoneserver.tlog\link.write.1.tlog
c:\game\ro\server\athena_base\hercules_base\asb\vcproj\zoneserver\debug\zoneserver.tlog\..\map-server.ilk
