c:\game\ro\server\athena_base\hercules_base\asb\vcproj\characterserver\debug\mt19937ar.obj
c:\game\ro\server\athena_base\hercules_base\asb\vcproj\characterserver\debug\hpmchar.obj
c:\game\ro\server\athena_base\hercules_base\asb\vcproj\characterserver\debug\int_rodex.obj
c:\game\ro\server\athena_base\hercules_base\asb\vcproj\characterserver\debug\conf.obj
c:\game\ro\server\athena_base\hercules_base\asb\vcproj\characterserver\debug\des.obj
c:\game\ro\server\athena_base\hercules_base\asb\vcproj\characterserver\debug\extraconf.obj
c:\game\ro\server\athena_base\hercules_base\asb\vcproj\characterserver\debug\memmgr.obj
c:\game\ro\server\athena_base\hercules_base\asb\vcproj\characterserver\debug\strlib.obj
c:\game\ro\server\athena_base\hercules_base\asb\vcproj\characterserver\debug\timer.obj
c:\game\ro\server\athena_base\hercules_base\asb\vcproj\characterserver\debug\grammar.obj
c:\game\ro\server\athena_base\hercules_base\asb\vcproj\characterserver\debug\int_auction.obj
c:\game\ro\server\athena_base\hercules_base\asb\vcproj\characterserver\debug\int_party.obj
c:\game\ro\server\athena_base\hercules_base\asb\vcproj\characterserver\debug\pincode.obj
c:\game\ro\server\athena_base\hercules_base\asb\vcproj\characterserver\debug\mapindex.obj
c:\game\ro\server\athena_base\hercules_base\asb\vcproj\characterserver\debug\nullpo.obj
c:\game\ro\server\athena_base\hercules_base\asb\vcproj\characterserver\debug\sysinfo.obj
c:\game\ro\server\athena_base\hercules_base\asb\vcproj\characterserver\debug\capiif.obj
c:\game\ro\server\athena_base\hercules_base\asb\vcproj\characterserver\debug\int_achievement.obj
c:\game\ro\server\athena_base\hercules_base\asb\vcproj\characterserver\debug\int_mercenary.obj
c:\game\ro\server\athena_base\hercules_base\asb\vcproj\characterserver\debug\loginif.obj
c:\game\ro\server\athena_base\hercules_base\asb\vcproj\characterserver\debug\ers.obj
c:\game\ro\server\athena_base\hercules_base\asb\vcproj\characterserver\debug\mutex.obj
c:\game\ro\server\athena_base\hercules_base\asb\vcproj\characterserver\debug\utils.obj
c:\game\ro\server\athena_base\hercules_base\asb\vcproj\characterserver\debug\libconfig.obj
c:\game\ro\server\athena_base\hercules_base\asb\vcproj\characterserver\debug\int_elemental.obj
c:\game\ro\server\athena_base\hercules_base\asb\vcproj\characterserver\debug\int_quest.obj
c:\game\ro\server\athena_base\hercules_base\asb\vcproj\characterserver\debug\base62.obj
c:\game\ro\server\athena_base\hercules_base\asb\vcproj\characterserver\debug\db.obj
c:\game\ro\server\athena_base\hercules_base\asb\vcproj\characterserver\debug\grfio.obj
c:\game\ro\server\athena_base\hercules_base\asb\vcproj\characterserver\debug\random.obj
c:\game\ro\server\athena_base\hercules_base\asb\vcproj\characterserver\debug\scanctx.obj
c:\game\ro\server\athena_base\hercules_base\asb\vcproj\characterserver\debug\int_adventurer_agency.obj
c:\game\ro\server\athena_base\hercules_base\asb\vcproj\characterserver\debug\int_mail.obj
c:\game\ro\server\athena_base\hercules_base\asb\vcproj\characterserver\debug\mapif.obj
c:\game\ro\server\athena_base\hercules_base\asb\vcproj\characterserver\debug\hpm.obj
c:\game\ro\server\athena_base\hercules_base\asb\vcproj\characterserver\debug\sql.obj
c:\game\ro\server\athena_base\hercules_base\asb\vcproj\characterserver\debug\scanner.obj
c:\game\ro\server\athena_base\hercules_base\asb\vcproj\characterserver\debug\int_clan.obj
c:\game\ro\server\athena_base\hercules_base\asb\vcproj\characterserver\debug\int_pet.obj
c:\game\ro\server\athena_base\hercules_base\asb\vcproj\characterserver\debug\inter.obj
c:\game\ro\server\athena_base\hercules_base\asb\vcproj\characterserver\debug\md5calc.obj
c:\game\ro\server\athena_base\hercules_base\asb\vcproj\characterserver\debug\packets.obj
c:\game\ro\server\athena_base\hercules_base\asb\vcproj\characterserver\debug\thread.obj
c:\game\ro\server\athena_base\hercules_base\asb\vcproj\characterserver\debug\char.obj
c:\game\ro\server\athena_base\hercules_base\asb\vcproj\characterserver\debug\int_homun.obj
c:\game\ro\server\athena_base\hercules_base\asb\vcproj\characterserver\debug\int_userconfig.obj
c:\game\ro\server\athena_base\hercules_base\asb\vcproj\characterserver\debug\console.obj
c:\game\ro\server\athena_base\hercules_base\asb\vcproj\characterserver\debug\socket.obj
c:\game\ro\server\athena_base\hercules_base\asb\vcproj\characterserver\debug\strbuf.obj
c:\game\ro\server\athena_base\hercules_base\asb\vcproj\characterserver\debug\geoip.obj
c:\game\ro\server\athena_base\hercules_base\asb\vcproj\characterserver\debug\int_guild.obj
c:\game\ro\server\athena_base\hercules_base\asb\vcproj\characterserver\debug\int_storage.obj
c:\game\ro\server\athena_base\hercules_base\asb\vcproj\characterserver\debug\core.obj
c:\game\ro\server\athena_base\hercules_base\asb\vcproj\characterserver\debug\showmsg.obj
c:\game\ro\server\athena_base\hercules_base\asb\vcproj\characterserver\debug\vc143.pdb
c:\game\ro\server\athena_base\hercules_base\asb\characterserver.exe
c:\game\ro\server\athena_base\hercules_base\asb\characterserver.pdb
c:\game\ro\server\athena_base\hercules_base\asb\vcproj\characterserver\debug\char-server.ilk
c:\game\ro\server\athena_base\hercules_base\asb\vcproj\characterserver\debug\vc143.idb
c:\game\ro\server\athena_base\hercules_base\asb\vcproj\characterserver\debug\characterserver.tlog\cl.1076.write.1.tlog
c:\game\ro\server\athena_base\hercules_base\asb\vcproj\characterserver\debug\characterserver.tlog\cl.command.1.tlog
c:\game\ro\server\athena_base\hercules_base\asb\vcproj\characterserver\debug\characterserver.tlog\cl.items.tlog
c:\game\ro\server\athena_base\hercules_base\asb\vcproj\characterserver\debug\characterserver.tlog\cl.read.1.tlog
c:\game\ro\server\athena_base\hercules_base\asb\vcproj\characterserver\debug\characterserver.tlog\link.command.1.tlog
c:\game\ro\server\athena_base\hercules_base\asb\vcproj\characterserver\debug\characterserver.tlog\link.read.1.tlog
c:\game\ro\server\athena_base\hercules_base\asb\vcproj\characterserver\debug\characterserver.tlog\link.secondary.1.tlog
c:\game\ro\server\athena_base\hercules_base\asb\vcproj\characterserver\debug\characterserver.tlog\link.write.1.tlog
c:\game\ro\server\athena_base\hercules_base\asb\vcproj\characterserver\debug\characterserver.tlog\..\char-server.ilk
